<?xml version="1.0" encoding="UTF-8"?>
<testng-results skipped="0" failed="0" ignored="0" total="2" passed="2">
  <reporter-output>
  </reporter-output>
  <suite name="Default suite" duration-ms="31730" started-at="2019-11-27T17:21:18Z" finished-at="2019-11-27T17:21:50Z">
    <groups>
    </groups>
    <test name="Default test" duration-ms="31730" started-at="2019-11-27T17:21:18Z" finished-at="2019-11-27T17:21:50Z">
      <class name="org.testn.SnapDealFunctionality">
        <test-method status="PASS" signature="launch()[pri:0, instance:org.testn.SnapDealFunctionality@3bfdc050]" name="launch" is-config="true" duration-ms="3678" started-at="2019-11-27T17:21:18Z" finished-at="2019-11-27T17:21:22Z">
          <reporter-output>
          </reporter-output>
        </test-method> <!-- launch -->
        <test-method status="PASS" signature="tc()[pri:0, instance:org.testn.SnapDealFunctionality@3bfdc050]" name="tc" duration-ms="23122" started-at="2019-11-27T17:21:22Z" finished-at="2019-11-27T17:21:45Z">
          <reporter-output>
          </reporter-output>
        </test-method> <!-- tc -->
        <test-method status="PASS" signature="tc1()[pri:0, instance:org.testn.SnapDealFunctionality@3bfdc050]" name="tc1" duration-ms="4895" started-at="2019-11-27T17:21:45Z" finished-at="2019-11-27T17:21:50Z">
          <reporter-output>
          </reporter-output>
        </test-method> <!-- tc1 -->
      </class> <!-- org.testn.SnapDealFunctionality -->
    </test> <!-- Default test -->
  </suite> <!-- Default suite -->
</testng-results>
